\BOOKMARK [1][-]{section.1}{\376\377\220\062\143\127\060\265\060\336\060\352\060\374}{}% 1
\BOOKMARK [1][-]{section.2}{\376\377\060\254\060\363\060\310\060\301\060\343\060\374\060\310}{}% 2
\BOOKMARK [2][-]{subsection.2.1}{\376\377\060\301\060\374\060\340\121\150\117\123\060\254\060\363\060\310\060\301\060\343\060\374\060\310}{section.2}% 3
\BOOKMARK [2][-]{subsection.2.2}{\376\377\120\013\116\272\060\254\060\363\060\310\060\301\060\343\060\374\060\310\377\010\212\010\165\073\146\370\000\040\000v\0001\000.\0001\000\040\060\113\060\211\152\333\157\361\142\305\137\123\122\006\060\222\142\234\174\213\377\011}{section.2}% 4
\BOOKMARK [2][-]{subsection.2.3}{\376\377\116\312\220\061\060\156\117\134\151\155\117\115\177\156\060\145\060\121}{section.2}% 5
\BOOKMARK [1][-]{section.3}{\376\377\117\134\151\155\060\355\060\260}{}% 6
\BOOKMARK [1][-]{section.4}{\376\377\212\125\117\241\116\213\230\005}{}% 7
\BOOKMARK [2][-]{subsection.4.1}{\376\377\133\376\137\334\060\131\060\213\147\011\122\271\143\007\152\031\000\040\000M\000O\000E}{section.4}% 8
\BOOKMARK [2][-]{subsection.4.2}{\376\377\133\376\137\334\060\131\060\213\140\047\200\375\143\007\152\031\000\040\000M\000O\000P\377\010\212\010\165\073\146\370\000\040\000v\0001\000.\0001\377\011}{section.4}% 9
\BOOKMARK [2][-]{subsection.4.3}{\376\377\116\312\220\061\060\156\201\352\135\361\212\125\117\241}{section.4}% 10
\BOOKMARK [2][-]{subsection.4.4}{\376\377\116\312\137\214\212\125\117\241\116\210\133\232\060\156\230\005\166\356\377\010\123\302\200\003\377\011}{section.4}% 11
\BOOKMARK [1][-]{section.5}{\376\377\212\262\230\114\173\241\164\006}{}% 12
\BOOKMARK [1][-]{section.6}{\376\377\000A\000I\122\051\165\050\162\266\154\301\060\150\151\034\212\074}{}% 13
\BOOKMARK [2][-]{subsection.6.1}{\376\377\122\051\165\050\121\205\133\271}{section.6}% 14
\BOOKMARK [2][-]{subsection.6.2}{\376\377\151\034\212\074\145\271\154\325}{section.6}% 15
\BOOKMARK [2][-]{subsection.6.3}{\376\377\060\325\060\241\060\257\060\310\060\301\060\247\060\303\060\257\175\120\147\234}{section.6}% 16
\BOOKMARK [1][-]{section.7}{\376\377\153\041\126\336\212\010\165\073}{}% 17
\BOOKMARK [1][-]{section.8}{\376\377\060\135\060\156\116\326}{}% 18
\BOOKMARK [1][-]{section.9}{\376\377\116\330\223\062}{}% 19
\BOOKMARK [2][-]{subsection.9.1}{\376\377\155\373\116\330\214\307\145\231}{section.9}% 20
\BOOKMARK [2][-]{subsection.9.2}{\376\377\155\373\116\330\173\304\126\362}{section.9}% 21
\BOOKMARK [2][-]{subsection.9.3}{\376\377\060\267\060\271\060\306\060\340\126\363}{section.9}% 22
