%このファイルは日本語文字を含みます.
\BOOKMARK [1][-]{section*.1}{\376\377\0001\000\040\060\157\060\130\060\201\060\153}{}% 1
\BOOKMARK [1][-]{section*.2}{\376\377\0002\000\040\117\134\142\020\060\127\060\137\060\267\060\271\060\306\060\340\060\156\151\202\211\201}{}% 2
\BOOKMARK [2][-]{section*.3}{\376\377\0002\000.\0001\000\040\060\267\060\271\060\306\060\340\151\313\142\020}{section*.2}% 3
\BOOKMARK [2][-]{section*.4}{\376\377\0002\000.\0002\000\040\215\144\131\026\175\332\124\014\147\037\060\327\060\355\060\310\060\263\060\353}{section*.2}% 4
\BOOKMARK [2][-]{section*.5}{\376\377\0002\000.\0003\000\040\217\052\125\061\060\156\133\237\163\376\060\150\123\302\122\240\060\373\220\000\130\064\060\156\162\266\141\113\173\241\164\006}{section*.2}% 5
\BOOKMARK [2][-]{section*.6}{\376\377\0002\000.\0004\000\040\151\175\126\150\227\363\060\156\124\010\142\020}{section*.2}% 6
\BOOKMARK [2][-]{section*.7}{\376\377\0002\000.\0005\000\040\000L\000C\000D\210\150\171\072}{section*.2}% 7
\BOOKMARK [1][-]{section*.8}{\376\377\0003\000\040\060\267\060\271\060\306\060\340\133\237\210\305}{}% 8
\BOOKMARK [2][-]{section*.9}{\376\377\0003\000.\0001\000\040\060\301\060\374\060\340\151\313\142\020\060\150\137\171\122\162\122\006\142\305}{section*.8}% 9
\BOOKMARK [2][-]{section*.10}{\376\377\0003\000.\0002\000\040\211\252\152\137\000A\000r\000d\000u\000i\000n\000o\060\156\121\346\164\006}{section*.8}% 10
\BOOKMARK [2][-]{section*.11}{\376\377\0003\000.\0003\000\040\133\120\152\137\000A\000r\000d\000u\000i\000n\000o\060\156\121\346\164\006}{section*.8}% 11
\BOOKMARK [2][-]{section*.12}{\376\377\0003\000.\0004\000\040\000L\000C\000D\210\150\171\072\060\156\121\346\164\006}{section*.8}% 12
\BOOKMARK [2][-]{section*.13}{\376\377\0003\000.\0005\000\040\130\061\124\112\200\005\060\156\142\305\137\123\173\304\126\362\060\150\142\200\210\123\166\204\212\262\230\114}{section*.8}% 13
\BOOKMARK [2][-]{section*.14}{\376\377\0003\000.\0006\000\040\060\324\060\242\060\316\227\363\156\220\060\156\133\237\210\305}{section*.8}% 14
\BOOKMARK [2][-]{section*.15}{\376\377\0003\000.\0007\000\040\157\024\131\117\220\062\210\114\060\156\116\015\121\167\124\010\117\356\153\143}{section*.8}% 15
\BOOKMARK [2][-]{section*.16}{\376\377\0003\000.\0008\000\040\060\306\060\363\060\335\173\241\164\006}{section*.8}% 16
\BOOKMARK [2][-]{section*.17}{\376\377\0003\000.\0009\000\040\217\052\125\061\225\213\131\313\145\271\137\017\060\156\212\146\117\134\060\150\212\055\212\010\131\011\146\364}{section*.8}% 17
\BOOKMARK [2][-]{section*.18}{\376\377\0003\000.\0001\0000\000\040\142\305\137\123\220\350\122\006\116\345\131\026\060\156\133\237\210\305\060\150\135\345\131\053}{section*.8}% 18
\BOOKMARK [1][-]{section*.19}{\376\377\0004\000\040\212\125\117\241\145\271\154\325\060\150\175\120\147\234}{}% 19
\BOOKMARK [2][-]{section*.20}{\376\377\0004\000.\0001\000\040\212\125\117\241\145\271\154\325}{section*.19}% 20
\BOOKMARK [2][-]{section*.21}{\376\377\0004\000.\0002\000\040\123\130\117\123\060\306\060\271\060\310\060\156\175\120\147\234}{section*.19}% 21
\BOOKMARK [2][-]{section*.22}{\376\377\0004\000.\0003\000\040\175\120\124\010\060\306\060\271\060\310\060\150\133\237\152\137\157\024\131\117\060\156\175\120\147\234}{section*.19}% 22
\BOOKMARK [2][-]{section*.23}{\376\377\0004\000.\0004\000\040\133\232\221\317\143\007\152\031\060\156\212\010\156\054\162\266\154\301}{section*.19}% 23
\BOOKMARK [1][-]{section*.24}{\376\377\0005\000\040\200\003\133\337}{}% 24
\BOOKMARK [2][-]{section*.25}{\376\377\0005\000.\0001\000\040\060\336\060\271\060\257\145\271\137\017\060\153\060\210\060\213\124\014\147\037\060\156\147\011\122\271\140\047}{section*.24}% 25
\BOOKMARK [2][-]{section*.26}{\376\377\0005\000.\0002\000\040\000t\000i\000c\000k\145\160\116\015\145\164\124\010\060\156\145\131\212\023}{section*.24}% 26
\BOOKMARK [2][-]{section*.27}{\376\377\0005\000.\0003\000\040\227\363\225\167\060\156\126\372\133\232\120\044\060\150\060\306\060\363\060\335\123\357\131\011\060\156\225\242\117\302}{section*.24}% 27
\BOOKMARK [2][-]{section*.28}{\376\377\0005\000.\0004\000\040\060\324\060\242\060\316\227\363\156\220\060\156\145\271\137\017\220\170\142\236}{section*.24}% 28
\BOOKMARK [2][-]{section*.29}{\376\377\0005\000.\0005\000\040\060\267\060\271\060\306\060\340\060\156\226\120\165\114\060\150\145\071\125\204\150\110}{section*.24}% 29
\BOOKMARK [1][-]{section*.30}{\376\377\0006\000\040\060\112\060\217\060\212\060\153}{}% 30
\BOOKMARK [1][-]{section*.31}{\376\377\000A\000\040\211\252\152\137\000A\000r\000d\000u\000i\000n\000o\060\156\060\271\060\261\060\303\060\301}{}% 31
\BOOKMARK [1][-]{section*.32}{\376\377\000B\000\040\133\120\152\137\000A\000r\000d\000u\000i\000n\000o\060\156\060\271\060\261\060\303\060\301}{}% 32
\BOOKMARK [1][-]{section*.33}{\376\377\000C\000\040\060\324\060\242\060\316\227\363\121\215\165\037\165\050\000P\000r\000o\000c\000e\000s\000s\000i\000n\000g\060\327\060\355\060\260\060\351\060\340}{}% 33
